[24Feb2025 16:42:01.563] [main/INFO] [cpw.mods.modlauncher.Launcher/MODLAUNCHER]: ModLauncher running: args [--launchTarget, forgeclientuserdev, --version, MOD_DEV, --assetIndex, 5, --assetsDir, /home/ilia/.gradle/caches/forge_gradle/assets, --gameDir, ., --fml.forgeVersion, 47.3.33, --fml.mcVersion, 1.20.1, --fml.forgeGroup, net.minecraftforge, --fml.mcpVersion, 20230612.114412]
[24Feb2025 16:42:01.569] [main/INFO] [cpw.mods.modlauncher.Launcher/MODLAUNCHER]: ModLauncher 10.0.9+10.0.9+main.dcd20f30 starting: java version 17.0.14 by Eclipse Adoptium; OS Linux arch amd64 version 6.6.66
[24Feb2025 16:42:01.598] [main/DEBUG] [cpw.mods.modlauncher.LaunchServiceHandler/MODLAUNCHER]: Found launch services [fmlclientdev,forgeclient,minecraft,forgegametestserverdev,fmlserveruserdev,fmlclient,fmldatauserdev,forgeserverdev,forgeserveruserdev,forgeclientdev,forgeclientuserdev,forgeserver,forgedatadev,fmlserver,fmlclientuserdev,fmlserverdev,forgedatauserdev,testharness,forgegametestserveruserdev]
[24Feb2025 16:42:01.613] [main/DEBUG] [cpw.mods.modlauncher.NameMappingServiceHandler/MODLAUNCHER]: Found naming services : [srgtomcp]
[24Feb2025 16:42:01.630] [main/DEBUG] [cpw.mods.modlauncher.LaunchPluginHandler/MODLAUNCHER]: Found launch plugins: [mixin,eventbus,slf4jfixer,object_holder_definalize,runtime_enum_extender,capability_token_subclass,accesstransformer,runtimedistcleaner]
[24Feb2025 16:42:01.640] [main/DEBUG] [cpw.mods.modlauncher.TransformationServicesHandler/MODLAUNCHER]: Discovering transformation services
[24Feb2025 16:42:01.645] [main/DEBUG] [net.minecraftforge.fml.loading.FMLPaths/CORE]: Path GAMEDIR is /home/ilia/projects/MintIndustry/MOD/run
[24Feb2025 16:42:01.646] [main/DEBUG] [net.minecraftforge.fml.loading.FMLPaths/CORE]: Path MODSDIR is /home/ilia/projects/MintIndustry/MOD/run/mods
[24Feb2025 16:42:01.646] [main/DEBUG] [net.minecraftforge.fml.loading.FMLPaths/CORE]: Path CONFIGDIR is /home/ilia/projects/MintIndustry/MOD/run/config
[24Feb2025 16:42:01.647] [main/DEBUG] [net.minecraftforge.fml.loading.FMLPaths/CORE]: Path FMLCONFIG is /home/ilia/projects/MintIndustry/MOD/run/config/fml.toml
[24Feb2025 16:42:01.683] [main/WARN] [net.minecraftforge.fml.loading.FMLConfig/CORE]: Configuration file /home/ilia/projects/MintIndustry/MOD/run/config/fml.toml is not correct. Correcting
[24Feb2025 16:42:01.685] [main/INFO] [net.minecraftforge.fml.loading.FMLConfig/CORE]: Incorrect key [earlyWindowSkipGLVersions] was corrected from null to []
[24Feb2025 16:42:01.685] [main/INFO] [net.minecraftforge.fml.loading.FMLConfig/CORE]: Incorrect key [earlyWindowLogHelpMessage] was corrected from null to true
[24Feb2025 16:42:01.686] [main/INFO] [net.minecraftforge.fml.loading.FMLConfig/CORE]: Incorrect key [earlyWindowSquir] was corrected from null to false
[24Feb2025 16:42:01.686] [main/INFO] [net.minecraftforge.fml.loading.FMLConfig/CORE]: Incorrect key [earlyWindowShowCPU] was corrected from null to false
[24Feb2025 16:42:01.695] [main/DEBUG] [cpw.mods.modlauncher.TransformationServicesHandler/MODLAUNCHER]: Found additional transformation services from discovery services: 
[24Feb2025 16:42:01.700] [main/INFO] [net.minecraftforge.fml.loading.ImmediateWindowHandler/]: Loading ImmediateWindowProvider fmlearlywindow
[24Feb2025 16:42:01.761] [main/ERROR] [EARLYDISPLAY/]: ERROR DISPLAY
Failed to initialize graphics window with current settings.


Failure details:
We are unable to initialize the graphics system.
glfwInit failed.


If you click yes, we will try and open https://links.minecraftforge.net/early-display-errors in your default browser
